green_egypt/build/app/intermediates/manifest_merge_blame_file/release/manifest-merger-blame-release-report.txt
1<?xml version="1.0" encoding="utf-8"?>
2<manifest xmlns:android="http://schemas.android.com/apk/res/android"
3    package="tech.mavica.green_egypt"
4    android:versionCode="4001"
5    android:versionName="1.0.0" >
6
7    <uses-sdk
8        android:minSdkVersion="21"
8-->src\main\AndroidManifest.xml
9        android:targetSdkVersion="33" />
9-->src\main\AndroidManifest.xml
10
11    <uses-permission android:name="android.permission.INTERNET" />
11-->src\main\AndroidManifest.xml:51:10-71
11-->src\main\AndroidManifest.xml:51:27-69
12    <uses-permission android:name="android.permission.ACCESS_NETWORK_STATE" />
12-->[com.google.firebase:firebase-auth:21.2.0] AndroidManifest.xml:26:5-79
12-->[com.google.firebase:firebase-auth:21.2.0] AndroidManifest.xml:26:22-76
13
14    <queries>
14-->[com.facebook.android:facebook-common:15.0.2] AndroidManifest.xml:29:5-31:15
15        <package android:name="com.facebook.katana" />
15-->[com.facebook.android:facebook-common:15.0.2] AndroidManifest.xml:30:9-55
15-->[com.facebook.android:facebook-common:15.0.2] AndroidManifest.xml:30:18-52
16    </queries>
17
18    <uses-permission android:name="com.google.android.gms.permission.AD_ID" />
18-->[com.facebook.android:facebook-core:15.0.2] AndroidManifest.xml:28:5-79
18-->[com.facebook.android:facebook-core:15.0.2] AndroidManifest.xml:28:22-76
19    <uses-permission android:name="android.permission.CAMERA" /> <!-- Don't require camera, as this requires a rear camera. This allows it to work on the Nexus 7 -->
19-->[com.journeyapps:zxing-android-embedded:4.3.0] AndroidManifest.xml:22:5-65
19-->[com.journeyapps:zxing-android-embedded:4.3.0] AndroidManifest.xml:22:22-62
20    <uses-feature
20-->[com.journeyapps:zxing-android-embedded:4.3.0] AndroidManifest.xml:25:5-27:36
21        android:name="android.hardware.camera"
21-->[com.journeyapps:zxing-android-embedded:4.3.0] AndroidManifest.xml:26:9-47
22        android:required="false" />
22-->[com.journeyapps:zxing-android-embedded:4.3.0] AndroidManifest.xml:27:9-33
23    <uses-feature
23-->[com.journeyapps:zxing-android-embedded:4.3.0] AndroidManifest.xml:28:5-30:36
24        android:name="android.hardware.camera.front"
24-->[com.journeyapps:zxing-android-embedded:4.3.0] AndroidManifest.xml:29:9-53
25        android:required="false" /> <!-- TODO replace above two with next line after Android 4.2 -->
25-->[com.journeyapps:zxing-android-embedded:4.3.0] AndroidManifest.xml:30:9-33
26    <!-- <uses-feature android:name="android.hardware.camera.any"/> -->
27    <uses-feature
27-->[com.journeyapps:zxing-android-embedded:4.3.0] AndroidManifest.xml:33:5-35:36
28        android:name="android.hardware.camera.autofocus"
28-->[com.journeyapps:zxing-android-embedded:4.3.0] AndroidManifest.xml:34:9-57
29        android:required="false" />
29-->[com.journeyapps:zxing-android-embedded:4.3.0] AndroidManifest.xml:35:9-33
30    <uses-feature
30-->[com.journeyapps:zxing-android-embedded:4.3.0] AndroidManifest.xml:36:5-38:36
31        android:name="android.hardware.camera.flash"
31-->[com.journeyapps:zxing-android-embedded:4.3.0] AndroidManifest.xml:37:9-53
32        android:required="false" />
32-->[com.journeyapps:zxing-android-embedded:4.3.0] AndroidManifest.xml:38:9-33
33    <uses-feature
33-->[com.journeyapps:zxing-android-embedded:4.3.0] AndroidManifest.xml:39:5-41:36
34        android:name="android.hardware.screen.landscape"
34-->[com.journeyapps:zxing-android-embedded:4.3.0] AndroidManifest.xml:40:9-57
35        android:required="false" />
35-->[com.journeyapps:zxing-android-embedded:4.3.0] AndroidManifest.xml:41:9-33
36    <uses-feature
36-->[com.journeyapps:zxing-android-embedded:4.3.0] AndroidManifest.xml:42:5-44:36
37        android:name="android.hardware.wifi"
37-->[com.journeyapps:zxing-android-embedded:4.3.0] AndroidManifest.xml:43:9-45
38        android:required="false" />
38-->[com.journeyapps:zxing-android-embedded:4.3.0] AndroidManifest.xml:44:9-33
39
40    <uses-permission android:name="com.google.android.finsky.permission.BIND_GET_INSTALL_REFERRER_SERVICE" />
40-->[com.android.installreferrer:installreferrer:1.0] AndroidManifest.xml:9:5-110
40-->[com.android.installreferrer:installreferrer:1.0] AndroidManifest.xml:9:22-107
41
42    <application
43        android:name="android.app.Application"
43-->src\main\AndroidManifest.xml:6:9-42
44        android:appComponentFactory="androidx.core.app.CoreComponentFactory"
44-->[androidx.core:core:1.7.0] AndroidManifest.xml:24:18-86
45        android:icon="@mipmap/ic_launcher"
45-->src\main\AndroidManifest.xml:7:9-43
46        android:label="Green Egypt"
46-->src\main\AndroidManifest.xml:5:9-36
47        android:supportsRtl="true" >
47-->[com.facebook.android:facebook-login:15.0.2] AndroidManifest.xml:28:18-44
48        <activity
48-->src\main\AndroidManifest.xml:8:11-11:44
49            android:name="com.facebook.FacebookActivity"
49-->src\main\AndroidManifest.xml:8:21-65
50            android:configChanges="keyboard|keyboardHidden|screenLayout|screenSize|orientation"
50-->src\main\AndroidManifest.xml:9:9-110
51            android:label="@string/app_name"
51-->src\main\AndroidManifest.xml:11:9-41
52            android:theme="@style/com_facebook_activity_theme" />
52-->[com.facebook.android:facebook-common:15.0.2] AndroidManifest.xml:37:13-63
53        <activity
53-->src\main\AndroidManifest.xml:12:5-21:16
54            android:name="com.facebook.CustomTabActivity"
54-->src\main\AndroidManifest.xml:13:9-54
55            android:exported="true" >
55-->src\main\AndroidManifest.xml:14:9-32
56            <intent-filter>
56-->src\main\AndroidManifest.xml:15:9-20:25
57                <action android:name="android.intent.action.VIEW" />
57-->src\main\AndroidManifest.xml:16:13-65
57-->src\main\AndroidManifest.xml:16:21-62
58
59                <category android:name="android.intent.category.DEFAULT" />
59-->src\main\AndroidManifest.xml:17:13-72
59-->src\main\AndroidManifest.xml:17:23-69
60                <category android:name="android.intent.category.BROWSABLE" />
60-->src\main\AndroidManifest.xml:18:13-74
60-->src\main\AndroidManifest.xml:18:23-71
61
62                <data android:scheme="@string/fb_login_protocol_scheme" />
62-->src\main\AndroidManifest.xml:19:13-71
62-->src\main\AndroidManifest.xml:19:19-68
63            </intent-filter>
64            <intent-filter>
64-->[com.facebook.android:facebook-common:15.0.2] AndroidManifest.xml:43:13-52:29
65                <action android:name="android.intent.action.VIEW" />
65-->src\main\AndroidManifest.xml:16:13-65
65-->src\main\AndroidManifest.xml:16:21-62
66
67                <category android:name="android.intent.category.DEFAULT" />
67-->src\main\AndroidManifest.xml:17:13-72
67-->src\main\AndroidManifest.xml:17:23-69
68                <category android:name="android.intent.category.BROWSABLE" />
68-->src\main\AndroidManifest.xml:18:13-74
68-->src\main\AndroidManifest.xml:18:23-71
69
70                <data
70-->src\main\AndroidManifest.xml:19:13-71
71                    android:host="cct.tech.mavica.green_egypt"
72                    android:scheme="fbconnect" />
72-->src\main\AndroidManifest.xml:19:19-68
73            </intent-filter>
74        </activity>
75        <activity
75-->src\main\AndroidManifest.xml:22:9-42:20
76            android:name="tech.mavica.green_egypt.MainActivity"
76-->src\main\AndroidManifest.xml:23:13-41
77            android:configChanges="orientation|keyboardHidden|keyboard|screenSize|smallestScreenSize|locale|layoutDirection|fontScale|screenLayout|density|uiMode"
77-->src\main\AndroidManifest.xml:27:13-163
78            android:exported="true"
78-->src\main\AndroidManifest.xml:24:13-36
79            android:hardwareAccelerated="true"
79-->src\main\AndroidManifest.xml:28:13-47
80            android:launchMode="singleTop"
80-->src\main\AndroidManifest.xml:25:13-43
81            android:theme="@style/LaunchTheme"
81-->src\main\AndroidManifest.xml:26:13-47
82            android:windowSoftInputMode="adjustResize" >
82-->src\main\AndroidManifest.xml:29:13-55
83
84            <!--
85                 Specifies an Android theme to apply to this Activity as soon as
86                 the Android process has started. This theme is visible to the user
87                 while the Flutter UI initializes. After that, this theme continues
88                 to determine the Window background behind the Flutter UI.
89            -->
90            <meta-data
90-->src\main\AndroidManifest.xml:34:13-37:17
91                android:name="io.flutter.embedding.android.NormalTheme"
91-->src\main\AndroidManifest.xml:35:15-70
92                android:resource="@style/NormalTheme" />
92-->src\main\AndroidManifest.xml:36:15-52
93
94            <intent-filter>
94-->src\main\AndroidManifest.xml:38:13-41:29
95                <action android:name="android.intent.action.MAIN" />
95-->src\main\AndroidManifest.xml:39:17-68
95-->src\main\AndroidManifest.xml:39:25-66
96
97                <category android:name="android.intent.category.LAUNCHER" />
97-->src\main\AndroidManifest.xml:40:17-76
97-->src\main\AndroidManifest.xml:40:27-74
98            </intent-filter>
99        </activity>
100        <!--
101             Don't delete the meta-data below.
102             This is used by the Flutter tool to generate GeneratedPluginRegistrant.java
103        -->
104        <meta-data
104-->src\main\AndroidManifest.xml:45:9-47:33
105            android:name="flutterEmbedding"
105-->src\main\AndroidManifest.xml:46:13-44
106            android:value="2" />
106-->src\main\AndroidManifest.xml:47:13-30
107        <meta-data
107-->src\main\AndroidManifest.xml:48:14-112
108            android:name="com.facebook.sdk.ApplicationId"
108-->src\main\AndroidManifest.xml:48:25-70
109            android:value="@string/facebook_app_id" />
109-->src\main\AndroidManifest.xml:48:71-110
110
111        <service
111-->[:cloud_firestore] AndroidManifest.xml:10:9-14:19
112            android:name="com.google.firebase.components.ComponentDiscoveryService"
112-->[:cloud_firestore] AndroidManifest.xml:10:18-89
113            android:directBootAware="true"
113-->[com.google.firebase:firebase-common:20.3.2] AndroidManifest.xml:34:13-43
114            android:exported="false" >
114-->[com.google.firebase:firebase-auth:21.2.0] AndroidManifest.xml:68:13-37
115            <meta-data
115-->[:cloud_firestore] AndroidManifest.xml:11:13-13:85
116                android:name="com.google.firebase.components:io.flutter.plugins.firebase.firestore.FlutterFirebaseFirestoreRegistrar"
116-->[:cloud_firestore] AndroidManifest.xml:12:17-134
117                android:value="com.google.firebase.components.ComponentRegistrar" />
117-->[:cloud_firestore] AndroidManifest.xml:13:17-82
118            <meta-data
118-->[:firebase_auth] AndroidManifest.xml:11:13-13:85
119                android:name="com.google.firebase.components:io.flutter.plugins.firebase.auth.FlutterFirebaseAuthRegistrar"
119-->[:firebase_auth] AndroidManifest.xml:12:17-124
120                android:value="com.google.firebase.components.ComponentRegistrar" />
120-->[:firebase_auth] AndroidManifest.xml:13:17-82
121            <meta-data
121-->[:firebase_storage] AndroidManifest.xml:11:13-13:85
122                android:name="com.google.firebase.components:io.flutter.plugins.firebase.storage.FlutterFirebaseAppRegistrar"
122-->[:firebase_storage] AndroidManifest.xml:12:17-126
123                android:value="com.google.firebase.components.ComponentRegistrar" />
123-->[:firebase_storage] AndroidManifest.xml:13:17-82
124            <meta-data
124-->[:firebase_core] AndroidManifest.xml:11:13-13:85
125                android:name="com.google.firebase.components:io.flutter.plugins.firebase.core.FlutterFirebaseCoreRegistrar"
125-->[:firebase_core] AndroidManifest.xml:12:17-124
126                android:value="com.google.firebase.components.ComponentRegistrar" />
126-->[:firebase_core] AndroidManifest.xml:13:17-82
127            <meta-data
127-->[com.google.firebase:firebase-auth:21.2.0] AndroidManifest.xml:69:13-71:85
128                android:name="com.google.firebase.components:com.google.firebase.auth.FirebaseAuthRegistrar"
128-->[com.google.firebase:firebase-auth:21.2.0] AndroidManifest.xml:70:17-109
129                android:value="com.google.firebase.components.ComponentRegistrar" />
129-->[com.google.firebase:firebase-auth:21.2.0] AndroidManifest.xml:71:17-82
130            <meta-data
130-->[com.google.firebase:firebase-firestore:24.4.5] AndroidManifest.xml:19:13-21:85
131                android:name="com.google.firebase.components:com.google.firebase.firestore.FirestoreRegistrar"
131-->[com.google.firebase:firebase-firestore:24.4.5] AndroidManifest.xml:20:17-111
132                android:value="com.google.firebase.components.ComponentRegistrar" />
132-->[com.google.firebase:firebase-firestore:24.4.5] AndroidManifest.xml:21:17-82
133            <meta-data
133-->[com.google.firebase:firebase-storage:20.1.0] AndroidManifest.xml:32:13-34:85
134                android:name="com.google.firebase.components:com.google.firebase.storage.StorageRegistrar"
134-->[com.google.firebase:firebase-storage:20.1.0] AndroidManifest.xml:33:17-107
135                android:value="com.google.firebase.components.ComponentRegistrar" />
135-->[com.google.firebase:firebase-storage:20.1.0] AndroidManifest.xml:34:17-82
136        </service>
137
138        <activity
138-->[:url_launcher_android] AndroidManifest.xml:10:9-13:74
139            android:name="io.flutter.plugins.urllauncher.WebViewActivity"
139-->[:url_launcher_android] AndroidManifest.xml:11:13-74
140            android:exported="false"
140-->[:url_launcher_android] AndroidManifest.xml:12:13-37
141            android:theme="@android:style/Theme.NoTitleBar.Fullscreen" />
141-->[:url_launcher_android] AndroidManifest.xml:13:13-71
142        <activity
142-->[com.google.firebase:firebase-auth:21.2.0] AndroidManifest.xml:29:9-46:20
143            android:name="com.google.firebase.auth.internal.GenericIdpActivity"
143-->[com.google.firebase:firebase-auth:21.2.0] AndroidManifest.xml:30:13-80
144            android:excludeFromRecents="true"
144-->[com.google.firebase:firebase-auth:21.2.0] AndroidManifest.xml:31:13-46
145            android:exported="true"
145-->[com.google.firebase:firebase-auth:21.2.0] AndroidManifest.xml:32:13-36
146            android:launchMode="singleTask"
146-->[com.google.firebase:firebase-auth:21.2.0] AndroidManifest.xml:33:13-44
147            android:theme="@android:style/Theme.Translucent.NoTitleBar" >
147-->[com.google.firebase:firebase-auth:21.2.0] AndroidManifest.xml:34:13-72
148            <intent-filter>
148-->[com.google.firebase:firebase-auth:21.2.0] AndroidManifest.xml:35:13-45:29
149                <action android:name="android.intent.action.VIEW" />
149-->src\main\AndroidManifest.xml:16:13-65
149-->src\main\AndroidManifest.xml:16:21-62
150
151                <category android:name="android.intent.category.DEFAULT" />
151-->src\main\AndroidManifest.xml:17:13-72
151-->src\main\AndroidManifest.xml:17:23-69
152                <category android:name="android.intent.category.BROWSABLE" />
152-->src\main\AndroidManifest.xml:18:13-74
152-->src\main\AndroidManifest.xml:18:23-71
153
154                <data
154-->src\main\AndroidManifest.xml:19:13-71
155                    android:host="firebase.auth"
156                    android:path="/"
157                    android:scheme="genericidp" />
157-->src\main\AndroidManifest.xml:19:19-68
158            </intent-filter>
159        </activity>
160        <activity
160-->[com.google.firebase:firebase-auth:21.2.0] AndroidManifest.xml:47:9-64:20
161            android:name="com.google.firebase.auth.internal.RecaptchaActivity"
161-->[com.google.firebase:firebase-auth:21.2.0] AndroidManifest.xml:48:13-79
162            android:excludeFromRecents="true"
162-->[com.google.firebase:firebase-auth:21.2.0] AndroidManifest.xml:49:13-46
163            android:exported="true"
163-->[com.google.firebase:firebase-auth:21.2.0] AndroidManifest.xml:50:13-36
164            android:launchMode="singleTask"
164-->[com.google.firebase:firebase-auth:21.2.0] AndroidManifest.xml:51:13-44
165            android:theme="@android:style/Theme.Translucent.NoTitleBar" >
165-->[com.google.firebase:firebase-auth:21.2.0] AndroidManifest.xml:52:13-72
166            <intent-filter>
166-->[com.google.firebase:firebase-auth:21.2.0] AndroidManifest.xml:53:13-63:29
167                <action android:name="android.intent.action.VIEW" />
167-->src\main\AndroidManifest.xml:16:13-65
167-->src\main\AndroidManifest.xml:16:21-62
168
169                <category android:name="android.intent.category.DEFAULT" />
169-->src\main\AndroidManifest.xml:17:13-72
169-->src\main\AndroidManifest.xml:17:23-69
170                <category android:name="android.intent.category.BROWSABLE" />
170-->src\main\AndroidManifest.xml:18:13-74
170-->src\main\AndroidManifest.xml:18:23-71
171
172                <data
172-->src\main\AndroidManifest.xml:19:13-71
173                    android:host="firebase.auth"
174                    android:path="/"
175                    android:scheme="recaptcha" />
175-->src\main\AndroidManifest.xml:19:19-68
176            </intent-filter>
177        </activity>
178
179        <uses-library
179-->[androidx.window:window:1.0.0-beta04] AndroidManifest.xml:25:9-27:40
180            android:name="androidx.window.extensions"
180-->[androidx.window:window:1.0.0-beta04] AndroidManifest.xml:26:13-54
181            android:required="false" />
181-->[androidx.window:window:1.0.0-beta04] AndroidManifest.xml:27:13-37
182        <uses-library
182-->[androidx.window:window:1.0.0-beta04] AndroidManifest.xml:28:9-30:40
183            android:name="androidx.window.sidecar"
183-->[androidx.window:window:1.0.0-beta04] AndroidManifest.xml:29:13-51
184            android:required="false" />
184-->[androidx.window:window:1.0.0-beta04] AndroidManifest.xml:30:13-37
185
186        <provider
186-->[com.google.firebase:firebase-common:20.3.2] AndroidManifest.xml:25:9-30:39
187            android:name="com.google.firebase.provider.FirebaseInitProvider"
187-->[com.google.firebase:firebase-common:20.3.2] AndroidManifest.xml:26:13-77
188            android:authorities="tech.mavica.green_egypt.firebaseinitprovider"
188-->[com.google.firebase:firebase-common:20.3.2] AndroidManifest.xml:27:13-72
189            android:directBootAware="true"
189-->[com.google.firebase:firebase-common:20.3.2] AndroidManifest.xml:28:13-43
190            android:exported="false"
190-->[com.google.firebase:firebase-common:20.3.2] AndroidManifest.xml:29:13-37
191            android:initOrder="100" />
191-->[com.google.firebase:firebase-common:20.3.2] AndroidManifest.xml:30:13-36
192
193        <activity android:name="com.facebook.CustomTabMainActivity" />
193-->[com.facebook.android:facebook-common:15.0.2] AndroidManifest.xml:38:9-71
193-->[com.facebook.android:facebook-common:15.0.2] AndroidManifest.xml:38:19-68
194        <activity
194-->[com.google.android.gms:play-services-auth:20.4.1] AndroidManifest.xml:23:9-27:75
195            android:name="com.google.android.gms.auth.api.signin.internal.SignInHubActivity"
195-->[com.google.android.gms:play-services-auth:20.4.1] AndroidManifest.xml:24:13-93
196            android:excludeFromRecents="true"
196-->[com.google.android.gms:play-services-auth:20.4.1] AndroidManifest.xml:25:13-46
197            android:exported="false"
197-->[com.google.android.gms:play-services-auth:20.4.1] AndroidManifest.xml:26:13-37
198            android:theme="@android:style/Theme.Translucent.NoTitleBar" />
198-->[com.google.android.gms:play-services-auth:20.4.1] AndroidManifest.xml:27:13-72
199        <!--
200            Service handling Google Sign-In user revocation. For apps that do not integrate with
201            Google Sign-In, this service will never be started.
202        -->
203        <service
203-->[com.google.android.gms:play-services-auth:20.4.1] AndroidManifest.xml:33:9-37:51
204            android:name="com.google.android.gms.auth.api.signin.RevocationBoundService"
204-->[com.google.android.gms:play-services-auth:20.4.1] AndroidManifest.xml:34:13-89
205            android:exported="true"
205-->[com.google.android.gms:play-services-auth:20.4.1] AndroidManifest.xml:35:13-36
206            android:permission="com.google.android.gms.auth.api.signin.permission.REVOCATION_NOTIFICATION"
206-->[com.google.android.gms:play-services-auth:20.4.1] AndroidManifest.xml:36:13-107
207            android:visibleToInstantApps="true" />
207-->[com.google.android.gms:play-services-auth:20.4.1] AndroidManifest.xml:37:13-48
208
209        <activity
209-->[com.google.android.gms:play-services-base:18.0.1] AndroidManifest.xml:20:9-22:45
210            android:name="com.google.android.gms.common.api.GoogleApiActivity"
210-->[com.google.android.gms:play-services-base:18.0.1] AndroidManifest.xml:20:19-85
211            android:exported="false"
211-->[com.google.android.gms:play-services-base:18.0.1] AndroidManifest.xml:22:19-43
212            android:theme="@android:style/Theme.Translucent.NoTitleBar" />
212-->[com.google.android.gms:play-services-base:18.0.1] AndroidManifest.xml:21:19-78
213
214        <meta-data
214-->[com.google.android.gms:play-services-basement:18.1.0] AndroidManifest.xml:21:9-23:69
215            android:name="com.google.android.gms.version"
215-->[com.google.android.gms:play-services-basement:18.1.0] AndroidManifest.xml:22:13-58
216            android:value="@integer/google_play_services_version" />
216-->[com.google.android.gms:play-services-basement:18.1.0] AndroidManifest.xml:23:13-66
217
218        <provider
218-->[androidx.emoji2:emoji2:1.0.0] AndroidManifest.xml:26:9-34:20
219            android:name="androidx.startup.InitializationProvider"
219-->[androidx.emoji2:emoji2:1.0.0] AndroidManifest.xml:27:13-67
220            android:authorities="tech.mavica.green_egypt.androidx-startup"
220-->[androidx.emoji2:emoji2:1.0.0] AndroidManifest.xml:28:13-68
221            android:exported="false" >
221-->[androidx.emoji2:emoji2:1.0.0] AndroidManifest.xml:29:13-37
222            <meta-data
222-->[androidx.emoji2:emoji2:1.0.0] AndroidManifest.xml:31:13-33:52
223                android:name="androidx.emoji2.text.EmojiCompatInitializer"
223-->[androidx.emoji2:emoji2:1.0.0] AndroidManifest.xml:32:17-75
224                android:value="androidx.startup" />
224-->[androidx.emoji2:emoji2:1.0.0] AndroidManifest.xml:33:17-49
225            <meta-data
225-->[androidx.lifecycle:lifecycle-process:2.4.0] AndroidManifest.xml:31:13-33:52
226                android:name="androidx.lifecycle.ProcessLifecycleInitializer"
226-->[androidx.lifecycle:lifecycle-process:2.4.0] AndroidManifest.xml:32:17-78
227                android:value="androidx.startup" />
227-->[androidx.lifecycle:lifecycle-process:2.4.0] AndroidManifest.xml:33:17-49
228        </provider>
229        <!--
230         The initialization ContentProvider will call FacebookSdk.sdkInitialize automatically
231         with the application context. This config is merged in with the host app's manifest,
232         but there can only be one provider with the same authority activated at any given
233         point; so if the end user has two or more different apps that use Facebook SDK, only the
234         first one will be able to use the provider. To work around this problem, we use the
235         following placeholder in the authority to identify each host application as if it was
236         a completely different provider.
237        -->
238        <provider
238-->[com.facebook.android:facebook-core:15.0.2] AndroidManifest.xml:41:9-44:40
239            android:name="com.facebook.internal.FacebookInitProvider"
239-->[com.facebook.android:facebook-core:15.0.2] AndroidManifest.xml:42:13-70
240            android:authorities="tech.mavica.green_egypt.FacebookInitProvider"
240-->[com.facebook.android:facebook-core:15.0.2] AndroidManifest.xml:43:13-72
241            android:exported="false" />
241-->[com.facebook.android:facebook-core:15.0.2] AndroidManifest.xml:44:13-37
242
243        <receiver
243-->[com.facebook.android:facebook-core:15.0.2] AndroidManifest.xml:46:9-52:20
244            android:name="com.facebook.CurrentAccessTokenExpirationBroadcastReceiver"
244-->[com.facebook.android:facebook-core:15.0.2] AndroidManifest.xml:47:13-86
245            android:exported="false" >
245-->[com.facebook.android:facebook-core:15.0.2] AndroidManifest.xml:48:13-37
246            <intent-filter>
246-->[com.facebook.android:facebook-core:15.0.2] AndroidManifest.xml:49:13-51:29
247                <action android:name="com.facebook.sdk.ACTION_CURRENT_ACCESS_TOKEN_CHANGED" />
247-->[com.facebook.android:facebook-core:15.0.2] AndroidManifest.xml:50:17-95
247-->[com.facebook.android:facebook-core:15.0.2] AndroidManifest.xml:50:25-92
248            </intent-filter>
249        </receiver>
250        <receiver
250-->[com.facebook.android:facebook-core:15.0.2] AndroidManifest.xml:53:9-59:20
251            android:name="com.facebook.AuthenticationTokenManager$CurrentAuthenticationTokenChangedBroadcastReceiver"
251-->[com.facebook.android:facebook-core:15.0.2] AndroidManifest.xml:54:13-118
252            android:exported="false" >
252-->[com.facebook.android:facebook-core:15.0.2] AndroidManifest.xml:55:13-37
253            <intent-filter>
253-->[com.facebook.android:facebook-core:15.0.2] AndroidManifest.xml:56:13-58:29
254                <action android:name="com.facebook.sdk.ACTION_CURRENT_AUTHENTICATION_TOKEN_CHANGED" />
254-->[com.facebook.android:facebook-core:15.0.2] AndroidManifest.xml:57:17-103
254-->[com.facebook.android:facebook-core:15.0.2] AndroidManifest.xml:57:25-100
255            </intent-filter>
256        </receiver>
257
258        <activity
258-->[com.journeyapps:zxing-android-embedded:4.3.0] AndroidManifest.xml:47:9-53:63
259            android:name="com.journeyapps.barcodescanner.CaptureActivity"
259-->[com.journeyapps:zxing-android-embedded:4.3.0] AndroidManifest.xml:48:13-74
260            android:clearTaskOnLaunch="true"
260-->[com.journeyapps:zxing-android-embedded:4.3.0] AndroidManifest.xml:49:13-45
261            android:screenOrientation="sensorLandscape"
261-->[com.journeyapps:zxing-android-embedded:4.3.0] AndroidManifest.xml:50:13-56
262            android:stateNotNeeded="true"
262-->[com.journeyapps:zxing-android-embedded:4.3.0] AndroidManifest.xml:51:13-42
263            android:theme="@style/zxing_CaptureTheme"
263-->[com.journeyapps:zxing-android-embedded:4.3.0] AndroidManifest.xml:52:13-54
264            android:windowSoftInputMode="stateAlwaysHidden" />
264-->[com.journeyapps:zxing-android-embedded:4.3.0] AndroidManifest.xml:53:13-60
265    </application>
266
267</manifest>